[INFO ] 2026-03-01 12:09:05.520 [main] Cs_Automation - URL opened successfully
[INFO ] 2026-03-01 12:09:23.544 [main] Cs_Automation - verify login execution started for:Tester10@yopmail.com
[INFO ] 2026-03-01 12:09:27.303 [main] Cs_Automation - Click on sign in link
[INFO ] 2026-03-01 12:09:27.860 [main] Cs_Automation - username enterd successfullyTester10@yopmail.com
[INFO ] 2026-03-01 12:09:28.219 [main] Cs_Automation - Password enter sucessfully
[INFO ] 2026-03-01 12:09:42.510 [main] Cs_Automation - Login button click 
[INFO ] 2026-03-01 12:09:42.797 [main] Cs_Automation - login success fot  Tester10@yopmail.com
[INFO ] 2026-03-01 12:10:06.002 [main] Cs_Automation - verify login execution started for:Tester11@yopmail.com
[INFO ] 2026-03-01 12:10:28.522 [main] Cs_Automation - verify login execution started for:Tester12@yopmail.com
[INFO ] 2026-03-01 12:16:01.545 [main] Cs_Automation - URL opened successfully
[INFO ] 2026-03-01 12:16:06.056 [main] Cs_Automation - verify login execution started for:Tester10@yopmail.com
[INFO ] 2026-03-01 12:16:08.798 [main] Cs_Automation - Click on sign in link
[INFO ] 2026-03-01 12:16:09.147 [main] Cs_Automation - username enterd successfullyTester10@yopmail.com
[INFO ] 2026-03-01 12:16:09.410 [main] Cs_Automation - Password enter sucessfully
[INFO ] 2026-03-01 12:16:15.169 [main] Cs_Automation - Login button click 
[INFO ] 2026-03-01 12:16:15.538 [main] Cs_Automation - login success fot  Tester10@yopmail.com
[INFO ] 2026-03-01 12:16:29.520 [main] Cs_Automation - verify login execution started for:Tester11@yopmail.com
[INFO ] 2026-03-01 12:16:42.994 [main] Cs_Automation - verify login execution started for:Tester12@yopmail.com
[INFO ] 2026-03-01 12:28:57.386 [main] Cs_Automation - URL opened successfully
[INFO ] 2026-03-01 12:29:11.277 [main] Cs_Automation - verify login execution started for:Tester10@yopmail.com
[INFO ] 2026-03-01 12:29:19.108 [main] Cs_Automation - Click on sign in link
[INFO ] 2026-03-01 12:29:19.455 [main] Cs_Automation - username enterd successfullyTester10@yopmail.com
[INFO ] 2026-03-01 12:29:19.891 [main] Cs_Automation - Password enter sucessfully
[INFO ] 2026-03-01 12:29:35.166 [main] Cs_Automation - Login button click 
[INFO ] 2026-03-01 12:29:35.477 [main] Cs_Automation - login success fot  Tester10@yopmail.com
[INFO ] 2026-03-01 12:29:38.442 [main] Cs_Automation - ***************TestCase Verify login ends*****************
[INFO ] 2026-03-01 12:29:48.969 [main] Cs_Automation - verify login execution started for:Tester11@yopmail.com
[INFO ] 2026-03-01 12:29:52.316 [main] Cs_Automation - Click on sign in link
[INFO ] 2026-03-01 12:29:52.659 [main] Cs_Automation - username enterd successfullyTester11@yopmail.com
[INFO ] 2026-03-01 12:29:52.839 [main] Cs_Automation - Password enter sucessfully
[INFO ] 2026-03-01 12:30:02.366 [main] Cs_Automation - Login button click 
[INFO ] 2026-03-01 12:30:02.522 [main] Cs_Automation - login success fot  Tester11@yopmail.com
[INFO ] 2026-03-01 12:30:06.314 [main] Cs_Automation - ***************TestCase Verify login ends*****************
[INFO ] 2026-03-01 12:30:14.835 [main] Cs_Automation - verify login execution started for:Tester12@yopmail.com
[INFO ] 2026-03-01 12:30:18.234 [main] Cs_Automation - Click on sign in link
[INFO ] 2026-03-01 12:30:18.440 [main] Cs_Automation - username enterd successfullyTester12@yopmail.com
[INFO ] 2026-03-01 12:30:18.674 [main] Cs_Automation - Password enter sucessfully
[INFO ] 2026-03-01 12:30:27.156 [main] Cs_Automation - Login button click 
[INFO ] 2026-03-01 12:30:27.296 [main] Cs_Automation - login success fot  Tester12@yopmail.com
[INFO ] 2026-03-01 12:30:30.557 [main] Cs_Automation - ***************TestCase Verify login ends*****************
[INFO ] 2026-03-04 12:26:20.973 [main] Cs_Automation - URL opened successfully
[INFO ] 2026-03-04 12:26:27.882 [main] Cs_Automation - verify login execution started for:Tester10@yopmail.com
[INFO ] 2026-03-04 12:26:29.194 [main] Cs_Automation - Click on sign in link
[INFO ] 2026-03-04 12:26:29.679 [main] Cs_Automation - username enterd successfullyTester10@yopmail.com
[INFO ] 2026-03-04 12:26:29.981 [main] Cs_Automation - Password enter sucessfully
[INFO ] 2026-03-04 12:26:33.980 [main] Cs_Automation - Login button click 
[INFO ] 2026-03-04 12:26:34.181 [main] Cs_Automation - login success fot  Tester10@yopmail.com
[INFO ] 2026-03-04 12:26:35.852 [main] Cs_Automation - ***************TestCase Verify login ends*****************
[INFO ] 2026-03-04 12:26:38.759 [main] Cs_Automation - verify login execution started for:Tester11@yopmail.com
[INFO ] 2026-03-04 12:26:40.221 [main] Cs_Automation - Click on sign in link
[INFO ] 2026-03-04 12:26:40.586 [main] Cs_Automation - username enterd successfullyTester11@yopmail.com
[INFO ] 2026-03-04 12:26:40.875 [main] Cs_Automation - Password enter sucessfully
[INFO ] 2026-03-04 12:26:43.230 [main] Cs_Automation - Login button click 
[INFO ] 2026-03-04 12:26:43.461 [main] Cs_Automation - login success fot  Tester11@yopmail.com
[INFO ] 2026-03-04 12:26:45.238 [main] Cs_Automation - ***************TestCase Verify login ends*****************
[INFO ] 2026-03-04 12:26:47.375 [main] Cs_Automation - verify login execution started for:Tester12@yopmail.com
[INFO ] 2026-03-04 12:26:48.715 [main] Cs_Automation - Click on sign in link
[INFO ] 2026-03-04 12:26:49.184 [main] Cs_Automation - username enterd successfullyTester12@yopmail.com
[INFO ] 2026-03-04 12:26:49.465 [main] Cs_Automation - Password enter sucessfully
[INFO ] 2026-03-04 12:26:52.220 [main] Cs_Automation - Login button click 
[INFO ] 2026-03-04 12:26:52.445 [main] Cs_Automation - login success fot  Tester12@yopmail.com
[INFO ] 2026-03-04 12:26:54.245 [main] Cs_Automation - ***************TestCase Verify login ends*****************
[INFO ] 2026-03-04 12:28:54.797 [main] Cs_Automation - URL opened successfully
[INFO ] 2026-03-04 12:29:01.810 [main] Cs_Automation - verify login execution started for:Tester10@yopmail.com
[INFO ] 2026-03-04 12:29:05.800 [main] Cs_Automation - Click on sign in link
[INFO ] 2026-03-04 12:29:06.472 [main] Cs_Automation - username enterd successfullyTester10@yopmail.com
[INFO ] 2026-03-04 12:29:06.836 [main] Cs_Automation - Password enter sucessfully
[INFO ] 2026-03-04 12:29:11.312 [main] Cs_Automation - Login button click 
[INFO ] 2026-03-04 12:29:11.525 [main] Cs_Automation - login success fot  Tester10@yopmail.com
[INFO ] 2026-03-04 12:29:12.965 [main] Cs_Automation - ***************TestCase Verify login ends*****************
[INFO ] 2026-03-04 12:29:17.773 [main] Cs_Automation - verify login execution started for:Tester11@yopmail.com
[INFO ] 2026-03-04 12:29:19.493 [main] Cs_Automation - Click on sign in link
[INFO ] 2026-03-04 12:29:19.835 [main] Cs_Automation - username enterd successfullyTester11@yopmail.com
[INFO ] 2026-03-04 12:29:19.994 [main] Cs_Automation - Password enter sucessfully
[INFO ] 2026-03-04 12:29:22.728 [main] Cs_Automation - Login button click 
[INFO ] 2026-03-04 12:29:22.947 [main] Cs_Automation - login success fot  Tester11@yopmail.com
[INFO ] 2026-03-04 12:29:24.488 [main] Cs_Automation - ***************TestCase Verify login ends*****************
[INFO ] 2026-03-04 12:29:26.518 [main] Cs_Automation - verify login execution started for:Tester12@yopmail.com
[INFO ] 2026-03-04 12:29:27.855 [main] Cs_Automation - Click on sign in link
[INFO ] 2026-03-04 12:29:28.191 [main] Cs_Automation - username enterd successfullyTester12@yopmail.com
[INFO ] 2026-03-04 12:29:28.418 [main] Cs_Automation - Password enter sucessfully
[INFO ] 2026-03-04 12:29:31.205 [main] Cs_Automation - Login button click 
[INFO ] 2026-03-04 12:29:31.436 [main] Cs_Automation - login success fot  Tester12@yopmail.com
[INFO ] 2026-03-04 12:29:32.648 [main] Cs_Automation - ***************TestCase Verify login ends*****************
[INFO ] 2026-03-04 12:45:15.860 [main] Cs_Automation - URL opened successfully
[INFO ] 2026-03-04 12:45:19.196 [main] Cs_Automation - verify login execution started for:Tester10@yopmail.com
[INFO ] 2026-03-04 12:45:20.361 [main] Cs_Automation - Click on sign in link
[INFO ] 2026-03-04 12:45:20.768 [main] Cs_Automation - username enterd successfullyTester10@yopmail.com
[INFO ] 2026-03-04 12:45:21.043 [main] Cs_Automation - Password enter sucessfully
[INFO ] 2026-03-04 12:45:23.215 [main] Cs_Automation - Login button click 
[INFO ] 2026-03-04 12:45:23.499 [main] Cs_Automation - login success fot  Tester10@yopmail.com
[INFO ] 2026-03-04 12:45:25.182 [main] Cs_Automation - ***************TestCase Verify login ends*****************
[INFO ] 2026-03-04 12:45:27.530 [main] Cs_Automation - verify login execution started for:Tester11@yopmail.com
[INFO ] 2026-03-04 12:45:28.475 [main] Cs_Automation - Click on sign in link
[INFO ] 2026-03-04 12:45:28.823 [main] Cs_Automation - username enterd successfullyTester11@yopmail.com
[INFO ] 2026-03-04 12:45:29.037 [main] Cs_Automation - Password enter sucessfully
[INFO ] 2026-03-04 12:45:31.928 [main] Cs_Automation - Login button click 
[INFO ] 2026-03-04 12:45:32.186 [main] Cs_Automation - login success fot  Tester11@yopmail.com
[INFO ] 2026-03-04 12:45:33.691 [main] Cs_Automation - ***************TestCase Verify login ends*****************
[INFO ] 2026-03-04 12:45:35.244 [main] Cs_Automation - verify login execution started for:Tester12@yopmail.com
[INFO ] 2026-03-04 12:45:36.747 [main] Cs_Automation - Click on sign in link
[INFO ] 2026-03-04 12:45:37.165 [main] Cs_Automation - username enterd successfullyTester12@yopmail.com
[INFO ] 2026-03-04 12:45:37.359 [main] Cs_Automation - Password enter sucessfully
[INFO ] 2026-03-04 12:45:39.688 [main] Cs_Automation - Login button click 
[INFO ] 2026-03-04 12:45:39.884 [main] Cs_Automation - login success fot  Tester12@yopmail.com
[INFO ] 2026-03-04 12:45:41.465 [main] Cs_Automation - ***************TestCase Verify login ends*****************
